
> frontend@1.0.0 build
> vite build

vite v6.4.1 building for production...
transforming...

A PostCSS plugin did not pass the `from` option to `postcss.parse`. This may cause imported assets to be incorrectly transformed. If you've recently added a PostCSS plugin that raised this warning, please contact the package author to fix the issue.
../../node_modules/@privy-io/react-auth/dist/esm/index.mjs (1:62044): A comment

"/*#__PURE__*/"

in "../../node_modules/@privy-io/react-auth/dist/esm/index.mjs" contains an annotation that Rollup cannot interpret due to the position of the comment. The comment will be removed to avoid issues.
../../node_modules/@privy-io/react-auth/dist/esm/index.mjs (1:71023): A comment

"/*#__PURE__*/"

in "../../node_modules/@privy-io/react-auth/dist/esm/index.mjs" contains an annotation that Rollup cannot interpret due to the position of the comment. The comment will be removed to avoid issues.
../../node_modules/@privy-io/react-auth/dist/esm/index.mjs (1:73246): A comment

"/*#__PURE__*/"

in "../../node_modules/@privy-io/react-auth/dist/esm/index.mjs" contains an annotation that Rollup cannot interpret due to the position of the comment. The comment will be removed to avoid issues.
../../node_modules/@privy-io/react-auth/dist/esm/index.mjs (1:75339): A comment

"/*#__PURE__*/"

in "../../node_modules/@privy-io/react-auth/dist/esm/index.mjs" contains an annotation that Rollup cannot interpret due to the position of the comment. The comment will be removed to avoid issues.
../../node_modules/@privy-io/react-auth/dist/esm/index.mjs (1:76017): A comment

"/*#__PURE__*/"

in "../../node_modules/@privy-io/react-auth/dist/esm/index.mjs" contains an annotation that Rollup cannot interpret due to the position of the comment. The comment will be removed to avoid issues.
../../node_modules/@privy-io/react-auth/dist/esm/index.mjs (3:245): A comment

"/*#__PURE__*/"

in "../../node_modules/@privy-io/react-auth/dist/esm/index.mjs" contains an annotation that Rollup cannot interpret due to the position of the comment. The comment will be removed to avoid issues.
../../node_modules/@privy-io/react-auth/dist/esm/index.mjs (4:7134): A comment

"/*#__PURE__*/"

in "../../node_modules/@privy-io/react-auth/dist/esm/index.mjs" contains an annotation that Rollup cannot interpret due to the position of the comment. The comment will be removed to avoid issues.
../../node_modules/@privy-io/react-auth/dist/esm/index.mjs (4:13553): A comment

"/*#__PURE__*/"

in "../../node_modules/@privy-io/react-auth/dist/esm/index.mjs" contains an annotation that Rollup cannot interpret due to the position of the comment. The comment will be removed to avoid issues.
../../node_modules/@privy-io/react-auth/dist/esm/index.mjs (4:21104): A comment

"/*#__PURE__*/"

in "../../node_modules/@privy-io/react-auth/dist/esm/index.mjs" contains an annotation that Rollup cannot interpret due to the position of the comment. The comment will be removed to avoid issues.
../../node_modules/@privy-io/react-auth/dist/esm/index.mjs (4:21570): A comment

"/*#__PURE__*/"

in "../../node_modules/@privy-io/react-auth/dist/esm/index.mjs" contains an annotation that Rollup cannot interpret due to the position of the comment. The comment will be removed to avoid issues.
../../node_modules/@privy-io/react-auth/dist/esm/index.mjs (4:21859): A comment

"/*#__PURE__*/"

in "../../node_modules/@privy-io/react-auth/dist/esm/index.mjs" contains an annotation that Rollup cannot interpret due to the position of the comment. The comment will be removed to avoid issues.
../../node_modules/@privy-io/react-auth/dist/esm/index.mjs (4:22120): A comment

"/*#__PURE__*/"

in "../../node_modules/@privy-io/react-auth/dist/esm/index.mjs" contains an annotation that Rollup cannot interpret due to the position of the comment. The comment will be removed to avoid issues.
../../node_modules/@privy-io/react-auth/dist/esm/index.mjs (4:22488): A comment

"/*#__PURE__*/"

in "../../node_modules/@privy-io/react-auth/dist/esm/index.mjs" contains an annotation that Rollup cannot interpret due to the position of the comment. The comment will be removed to avoid issues.
../../node_modules/@privy-io/react-auth/dist/esm/index.mjs (4:23215): A comment

"/*#__PURE__*/"

in "../../node_modules/@privy-io/react-auth/dist/esm/index.mjs" contains an annotation that Rollup cannot interpret due to the position of the comment. The comment will be removed to avoid issues.
../../node_modules/@privy-io/react-auth/dist/esm/index.mjs (4:25586): A comment

"/*#__PURE__*/"

in "../../node_modules/@privy-io/react-auth/dist/esm/index.mjs" contains an annotation that Rollup cannot interpret due to the position of the comment. The comment will be removed to avoid issues.
../../node_modules/@privy-io/react-auth/dist/esm/index.mjs (4:40913): A comment

"/*#__PURE__*/"

in "../../node_modules/@privy-io/react-auth/dist/esm/index.mjs" contains an annotation that Rollup cannot interpret due to the position of the comment. The comment will be removed to avoid issues.
../../node_modules/@privy-io/react-auth/dist/esm/index.mjs (4:45640): A comment

"/*#__PURE__*/"

in "../../node_modules/@privy-io/react-auth/dist/esm/index.mjs" contains an annotation that Rollup cannot interpret due to the position of the comment. The comment will be removed to avoid issues.
../../node_modules/@privy-io/react-auth/dist/esm/index.mjs (4:48166): A comment

"/*#__PURE__*/"

in "../../node_modules/@privy-io/react-auth/dist/esm/index.mjs" contains an annotation that Rollup cannot interpret due to the position of the comment. The comment will be removed to avoid issues.
../../node_modules/@privy-io/react-auth/dist/esm/index.mjs (4:48384): A comment

"/*#__PURE__*/"

in "../../node_modules/@privy-io/react-auth/dist/esm/index.mjs" contains an annotation that Rollup cannot interpret due to the position of the comment. The comment will be removed to avoid issues.
../../node_modules/@privy-io/react-auth/dist/esm/index.mjs (4:48946): A comment

"/*#__PURE__*/"

in "../../node_modules/@privy-io/react-auth/dist/esm/index.mjs" contains an annotation that Rollup cannot interpret due to the position of the comment. The comment will be removed to avoid issues.
../../node_modules/@privy-io/react-auth/dist/esm/index.mjs (4:49584): A comment

"/*#__PURE__*/"

in "../../node_modules/@privy-io/react-auth/dist/esm/index.mjs" contains an annotation that Rollup cannot interpret due to the position of the comment. The comment will be removed to avoid issues.
../../node_modules/@privy-io/react-auth/dist/esm/index.mjs (4:50290): A comment

"/*#__PURE__*/"

in "../../node_modules/@privy-io/react-auth/dist/esm/index.mjs" contains an annotation that Rollup cannot interpret due to the position of the comment. The comment will be removed to avoid issues.
../../node_modules/@privy-io/react-auth/dist/esm/index.mjs (4:52608): A comment

"/*#__PURE__*/"

in "../../node_modules/@privy-io/react-auth/dist/esm/index.mjs" contains an annotation that Rollup cannot interpret due to the position of the comment. The comment will be removed to avoid issues.
../../node_modules/@privy-io/react-auth/dist/esm/index.mjs (4:56715): A comment

"/*#__PURE__*/"

in "../../node_modules/@privy-io/react-auth/dist/esm/index.mjs" contains an annotation that Rollup cannot interpret due to the position of the comment. The comment will be removed to avoid issues.
../../node_modules/@privy-io/react-auth/dist/esm/index.mjs (4:57886): A comment

"/*#__PURE__*/"

in "../../node_modules/@privy-io/react-auth/dist/esm/index.mjs" contains an annotation that Rollup cannot interpret due to the position of the comment. The comment will be removed to avoid issues.
../../node_modules/@privy-io/react-auth/dist/esm/index.mjs (4:58315): A comment

"/*#__PURE__*/"

in "../../node_modules/@privy-io/react-auth/dist/esm/index.mjs" contains an annotation that Rollup cannot interpret due to the position of the comment. The comment will be removed to avoid issues.
../../node_modules/@privy-io/react-auth/dist/esm/index.mjs (4:61919): A comment

"/*#__PURE__*/"

in "../../node_modules/@privy-io/react-auth/dist/esm/index.mjs" contains an annotation that Rollup cannot interpret due to the position of the comment. The comment will be removed to avoid issues.
../../node_modules/@privy-io/react-auth/dist/esm/index.mjs (5:65562): A comment

"/*#__PURE__*/"

in "../../node_modules/@privy-io/react-auth/dist/esm/index.mjs" contains an annotation that Rollup cannot interpret due to the position of the comment. The comment will be removed to avoid issues.
../../node_modules/@privy-io/react-auth/dist/esm/index.mjs (6:14329): A comment

"/*#__PURE__*/"

in "../../node_modules/@privy-io/react-auth/dist/esm/index.mjs" contains an annotation that Rollup cannot interpret due to the position of the comment. The comment will be removed to avoid issues.
../../node_modules/@privy-io/react-auth/dist/esm/index.mjs (6:14581): A comment

"/*#__PURE__*/"

in "../../node_modules/@privy-io/react-auth/dist/esm/index.mjs" contains an annotation that Rollup cannot interpret due to the position of the comment. The comment will be removed to avoid issues.
../../node_modules/@privy-io/react-auth/dist/esm/index.mjs (6:15277): A comment

"/*#__PURE__*/"

in "../../node_modules/@privy-io/react-auth/dist/esm/index.mjs" contains an annotation that Rollup cannot interpret due to the position of the comment. The comment will be removed to avoid issues.
../../node_modules/@privy-io/react-auth/dist/esm/SignRequestScreen-cNZ56bAg.mjs (1:15476): A comment

"/*#__PURE__*/"

in "../../node_modules/@privy-io/react-auth/dist/esm/SignRequestScreen-cNZ56bAg.mjs" contains an annotation that Rollup cannot interpret due to the position of the comment. The comment will be removed to avoid issues.
../../node_modules/@privy-io/react-auth/dist/esm/SignRequestScreen-cNZ56bAg.mjs (1:20059): A comment

"/*#__PURE__*/"

in "../../node_modules/@privy-io/react-auth/dist/esm/SignRequestScreen-cNZ56bAg.mjs" contains an annotation that Rollup cannot interpret due to the position of the comment. The comment will be removed to avoid issues.
../../node_modules/@privy-io/react-auth/dist/esm/SignRequestScreen-cNZ56bAg.mjs (1:30021): A comment

"/*#__PURE__*/"

in "../../node_modules/@privy-io/react-auth/dist/esm/SignRequestScreen-cNZ56bAg.mjs" contains an annotation that Rollup cannot interpret due to the position of the comment. The comment will be removed to avoid issues.
../../node_modules/@privy-io/react-auth/dist/esm/SignRequestScreen-cNZ56bAg.mjs (1:31107): A comment

"/*#__PURE__*/"

in "../../node_modules/@privy-io/react-auth/dist/esm/SignRequestScreen-cNZ56bAg.mjs" contains an annotation that Rollup cannot interpret due to the position of the comment. The comment will be removed to avoid issues.
../../node_modules/@privy-io/react-auth/dist/esm/SignRequestScreen-cNZ56bAg.mjs (1:32092): A comment

"/*#__PURE__*/"

in "../../node_modules/@privy-io/react-auth/dist/esm/SignRequestScreen-cNZ56bAg.mjs" contains an annotation that Rollup cannot interpret due to the position of the comment. The comment will be removed to avoid issues.
../../node_modules/@privy-io/react-auth/dist/esm/SignRequestScreen-cNZ56bAg.mjs (1:33076): A comment

"/*#__PURE__*/"

in "../../node_modules/@privy-io/react-auth/dist/esm/SignRequestScreen-cNZ56bAg.mjs" contains an annotation that Rollup cannot interpret due to the position of the comment. The comment will be removed to avoid issues.
../../node_modules/@privy-io/react-auth/dist/esm/SignRequestScreen-cNZ56bAg.mjs (1:46344): A comment

"/*#__PURE__*/"

in "../../node_modules/@privy-io/react-auth/dist/esm/SignRequestScreen-cNZ56bAg.mjs" contains an annotation that Rollup cannot interpret due to the position of the comment. The comment will be removed to avoid issues.
../../node_modules/@privy-io/react-auth/dist/esm/SignRequestScreen-cNZ56bAg.mjs (1:90854): A comment

"/*#__PURE__*/"

in "../../node_modules/@privy-io/react-auth/dist/esm/SignRequestScreen-cNZ56bAg.mjs" contains an annotation that Rollup cannot interpret due to the position of the comment. The comment will be removed to avoid issues.
../../node_modules/@privy-io/react-auth/dist/esm/SignRequestScreen-cNZ56bAg.mjs (1:100715): A comment

"/*#__PURE__*/"

in "../../node_modules/@privy-io/react-auth/dist/esm/SignRequestScreen-cNZ56bAg.mjs" contains an annotation that Rollup cannot interpret due to the position of the comment. The comment will be removed to avoid issues.
../../node_modules/@privy-io/react-auth/dist/esm/SignRequestScreen-cNZ56bAg.mjs (1:101494): A comment

"/*#__PURE__*/"

in "../../node_modules/@privy-io/react-auth/dist/esm/SignRequestScreen-cNZ56bAg.mjs" contains an annotation that Rollup cannot interpret due to the position of the comment. The comment will be removed to avoid issues.
../../node_modules/@privy-io/react-auth/dist/esm/SignRequestScreen-cNZ56bAg.mjs (1:106349): A comment

"/*#__PURE__*/"

in "../../node_modules/@privy-io/react-auth/dist/esm/SignRequestScreen-cNZ56bAg.mjs" contains an annotation that Rollup cannot interpret due to the position of the comment. The comment will be removed to avoid issues.
../../node_modules/@privy-io/react-auth/dist/esm/SignRequestScreen-cNZ56bAg.mjs (3:300): A comment

"/*#__PURE__*/"

in "../../node_modules/@privy-io/react-auth/dist/esm/SignRequestScreen-cNZ56bAg.mjs" contains an annotation that Rollup cannot interpret due to the position of the comment. The comment will be removed to avoid issues.
../../node_modules/@privy-io/react-auth/dist/esm/SignRequestScreen-cNZ56bAg.mjs (3:2887): A comment

"/*#__PURE__*/"

in "../../node_modules/@privy-io/react-auth/dist/esm/SignRequestScreen-cNZ56bAg.mjs" contains an annotation that Rollup cannot interpret due to the position of the comment. The comment will be removed to avoid issues.
../../node_modules/@privy-io/react-auth/dist/esm/SignRequestScreen-cNZ56bAg.mjs (3:2950): A comment

"/*#__PURE__*/"

in "../../node_modules/@privy-io/react-auth/dist/esm/SignRequestScreen-cNZ56bAg.mjs" contains an annotation that Rollup cannot interpret due to the position of the comment. The comment will be removed to avoid issues.
../../node_modules/@privy-io/react-auth/dist/esm/SignRequestScreen-cNZ56bAg.mjs (3:3022): A comment

"/*#__PURE__*/"

in "../../node_modules/@privy-io/react-auth/dist/esm/SignRequestScreen-cNZ56bAg.mjs" contains an annotation that Rollup cannot interpret due to the position of the comment. The comment will be removed to avoid issues.
../../node_modules/@privy-io/react-auth/dist/esm/SignRequestScreen-cNZ56bAg.mjs (3:3081): A comment

"/*#__PURE__*/"

in "../../node_modules/@privy-io/react-auth/dist/esm/SignRequestScreen-cNZ56bAg.mjs" contains an annotation that Rollup cannot interpret due to the position of the comment. The comment will be removed to avoid issues.
../../node_modules/@privy-io/react-auth/dist/esm/SignRequestScreen-cNZ56bAg.mjs (3:3773): A comment

"/*#__PURE__*/"

in "../../node_modules/@privy-io/react-auth/dist/esm/SignRequestScreen-cNZ56bAg.mjs" contains an annotation that Rollup cannot interpret due to the position of the comment. The comment will be removed to avoid issues.
../../node_modules/@privy-io/react-auth/dist/esm/SignRequestScreen-cNZ56bAg.mjs (3:6066): A comment

"/*#__PURE__*/"

in "../../node_modules/@privy-io/react-auth/dist/esm/SignRequestScreen-cNZ56bAg.mjs" contains an annotation that Rollup cannot interpret due to the position of the comment. The comment will be removed to avoid issues.
../../node_modules/@privy-io/react-auth/dist/esm/SignRequestScreen-cNZ56bAg.mjs (3:6464): A comment

"/*#__PURE__*/"

in "../../node_modules/@privy-io/react-auth/dist/esm/SignRequestScreen-cNZ56bAg.mjs" contains an annotation that Rollup cannot interpret due to the position of the comment. The comment will be removed to avoid issues.
../../node_modules/@privy-io/react-auth/dist/esm/SignRequestScreen-cNZ56bAg.mjs (4:1397): A comment

"/*#__PURE__*/"

in "../../node_modules/@privy-io/react-auth/dist/esm/SignRequestScreen-cNZ56bAg.mjs" contains an annotation that Rollup cannot interpret due to the position of the comment. The comment will be removed to avoid issues.
../../node_modules/@privy-io/react-auth/dist/esm/SignRequestScreen-cNZ56bAg.mjs (11:914): A comment

"/*#__PURE__*/"

in "../../node_modules/@privy-io/react-auth/dist/esm/SignRequestScreen-cNZ56bAg.mjs" contains an annotation that Rollup cannot interpret due to the position of the comment. The comment will be removed to avoid issues.
../../node_modules/@privy-io/react-auth/dist/esm/SignRequestScreen-cNZ56bAg.mjs (11:1058): A comment

"/*#__PURE__*/"

in "../../node_modules/@privy-io/react-auth/dist/esm/SignRequestScreen-cNZ56bAg.mjs" contains an annotation that Rollup cannot interpret due to the position of the comment. The comment will be removed to avoid issues.
../../node_modules/@privy-io/react-auth/dist/esm/SignRequestScreen-cNZ56bAg.mjs (11:1156): A comment

"/*#__PURE__*/"

in "../../node_modules/@privy-io/react-auth/dist/esm/SignRequestScreen-cNZ56bAg.mjs" contains an annotation that Rollup cannot interpret due to the position of the comment. The comment will be removed to avoid issues.
../../node_modules/@privy-io/react-auth/dist/esm/SignRequestScreen-cNZ56bAg.mjs (11:4619): A comment

"/*#__PURE__*/"

in "../../node_modules/@privy-io/react-auth/dist/esm/SignRequestScreen-cNZ56bAg.mjs" contains an annotation that Rollup cannot interpret due to the position of the comment. The comment will be removed to avoid issues.
../../node_modules/@privy-io/react-auth/dist/esm/SignRequestScreen-cNZ56bAg.mjs (11:4755): A comment

"/*#__PURE__*/"

in "../../node_modules/@privy-io/react-auth/dist/esm/SignRequestScreen-cNZ56bAg.mjs" contains an annotation that Rollup cannot interpret due to the position of the comment. The comment will be removed to avoid issues.
../../node_modules/@privy-io/react-auth/dist/esm/SignRequestScreen-cNZ56bAg.mjs (12:268): A comment

"/*#__PURE__*/"

in "../../node_modules/@privy-io/react-auth/dist/esm/SignRequestScreen-cNZ56bAg.mjs" contains an annotation that Rollup cannot interpret due to the position of the comment. The comment will be removed to avoid issues.
../../node_modules/@privy-io/react-auth/dist/esm/SignRequestScreen-cNZ56bAg.mjs (13:3117): A comment

"/*#__PURE__*/"

in "../../node_modules/@privy-io/react-auth/dist/esm/SignRequestScreen-cNZ56bAg.mjs" contains an annotation that Rollup cannot interpret due to the position of the comment. The comment will be removed to avoid issues.
../../node_modules/@privy-io/react-auth/dist/esm/SignRequestScreen-cNZ56bAg.mjs (13:4100): A comment

"/*#__PURE__*/"

in "../../node_modules/@privy-io/react-auth/dist/esm/SignRequestScreen-cNZ56bAg.mjs" contains an annotation that Rollup cannot interpret due to the position of the comment. The comment will be removed to avoid issues.
../../node_modules/@privy-io/react-auth/dist/esm/SignRequestScreen-cNZ56bAg.mjs (13:4309): A comment

"/*#__PURE__*/"

in "../../node_modules/@privy-io/react-auth/dist/esm/SignRequestScreen-cNZ56bAg.mjs" contains an annotation that Rollup cannot interpret due to the position of the comment. The comment will be removed to avoid issues.
../../node_modules/@privy-io/react-auth/dist/esm/SignRequestScreen-cNZ56bAg.mjs (13:4550): A comment

"/*#__PURE__*/"

in "../../node_modules/@privy-io/react-auth/dist/esm/SignRequestScreen-cNZ56bAg.mjs" contains an annotation that Rollup cannot interpret due to the position of the comment. The comment will be removed to avoid issues.
../../node_modules/@privy-io/react-auth/dist/esm/SignRequestScreen-cNZ56bAg.mjs (14:325): A comment

"/*#__PURE__*/"

in "../../node_modules/@privy-io/react-auth/dist/esm/SignRequestScreen-cNZ56bAg.mjs" contains an annotation that Rollup cannot interpret due to the position of the comment. The comment will be removed to avoid issues.
../../node_modules/@privy-io/react-auth/dist/esm/SignRequestScreen-cNZ56bAg.mjs (14:482): A comment

"/*#__PURE__*/"

in "../../node_modules/@privy-io/react-auth/dist/esm/SignRequestScreen-cNZ56bAg.mjs" contains an annotation that Rollup cannot interpret due to the position of the comment. The comment will be removed to avoid issues.
../../node_modules/@privy-io/react-auth/dist/esm/SignRequestScreen-cNZ56bAg.mjs (14:2697): A comment

"/*#__PURE__*/"

in "../../node_modules/@privy-io/react-auth/dist/esm/SignRequestScreen-cNZ56bAg.mjs" contains an annotation that Rollup cannot interpret due to the position of the comment. The comment will be removed to avoid issues.
../../node_modules/@privy-io/react-auth/dist/esm/SignRequestScreen-cNZ56bAg.mjs (16:13132): A comment

"/*#__PURE__*/"

in "../../node_modules/@privy-io/react-auth/dist/esm/SignRequestScreen-cNZ56bAg.mjs" contains an annotation that Rollup cannot interpret due to the position of the comment. The comment will be removed to avoid issues.
../../node_modules/@privy-io/react-auth/dist/esm/SignRequestScreen-cNZ56bAg.mjs (16:16201): A comment

"/*#__PURE__*/"

in "../../node_modules/@privy-io/react-auth/dist/esm/SignRequestScreen-cNZ56bAg.mjs" contains an annotation that Rollup cannot interpret due to the position of the comment. The comment will be removed to avoid issues.
../../node_modules/@privy-io/react-auth/dist/esm/SignRequestScreen-cNZ56bAg.mjs (16:16379): A comment

"/*#__PURE__*/"

in "../../node_modules/@privy-io/react-auth/dist/esm/SignRequestScreen-cNZ56bAg.mjs" contains an annotation that Rollup cannot interpret due to the position of the comment. The comment will be removed to avoid issues.
../../node_modules/@privy-io/react-auth/dist/esm/SignRequestScreen-cNZ56bAg.mjs (16:16558): A comment

"/*#__PURE__*/"

in "../../node_modules/@privy-io/react-auth/dist/esm/SignRequestScreen-cNZ56bAg.mjs" contains an annotation that Rollup cannot interpret due to the position of the comment. The comment will be removed to avoid issues.
../../node_modules/@privy-io/react-auth/dist/esm/SignRequestScreen-cNZ56bAg.mjs (17:1640): A comment

"/*#__PURE__*/"

in "../../node_modules/@privy-io/react-auth/dist/esm/SignRequestScreen-cNZ56bAg.mjs" contains an annotation that Rollup cannot interpret due to the position of the comment. The comment will be removed to avoid issues.
../../node_modules/@privy-io/react-auth/dist/esm/SignRequestScreen-cNZ56bAg.mjs (17:3983): A comment

"/*#__PURE__*/"

in "../../node_modules/@privy-io/react-auth/dist/esm/SignRequestScreen-cNZ56bAg.mjs" contains an annotation that Rollup cannot interpret due to the position of the comment. The comment will be removed to avoid issues.
../../node_modules/@privy-io/react-auth/dist/esm/SignRequestScreen-cNZ56bAg.mjs (17:6415): A comment

"/*#__PURE__*/"

in "../../node_modules/@privy-io/react-auth/dist/esm/SignRequestScreen-cNZ56bAg.mjs" contains an annotation that Rollup cannot interpret due to the position of the comment. The comment will be removed to avoid issues.
../../node_modules/@privy-io/react-auth/dist/esm/SignRequestScreen-cNZ56bAg.mjs (18:2771): A comment

"/*#__PURE__*/"

in "../../node_modules/@privy-io/react-auth/dist/esm/SignRequestScreen-cNZ56bAg.mjs" contains an annotation that Rollup cannot interpret due to the position of the comment. The comment will be removed to avoid issues.
../../node_modules/@privy-io/react-auth/dist/esm/SignRequestScreen-cNZ56bAg.mjs (18:4804): A comment

"/*#__PURE__*/"

in "../../node_modules/@privy-io/react-auth/dist/esm/SignRequestScreen-cNZ56bAg.mjs" contains an annotation that Rollup cannot interpret due to the position of the comment. The comment will be removed to avoid issues.
../../node_modules/@privy-io/react-auth/dist/esm/SignRequestScreen-cNZ56bAg.mjs (18:9540): A comment

"/*#__PURE__*/"

in "../../node_modules/@privy-io/react-auth/dist/esm/SignRequestScreen-cNZ56bAg.mjs" contains an annotation that Rollup cannot interpret due to the position of the comment. The comment will be removed to avoid issues.
../../node_modules/@privy-io/react-auth/dist/esm/SignRequestScreen-cNZ56bAg.mjs (18:10029): A comment

"/*#__PURE__*/"

in "../../node_modules/@privy-io/react-auth/dist/esm/SignRequestScreen-cNZ56bAg.mjs" contains an annotation that Rollup cannot interpret due to the position of the comment. The comment will be removed to avoid issues.
../../node_modules/@privy-io/react-auth/dist/esm/SignRequestScreen-cNZ56bAg.mjs (18:12549): A comment

"/*#__PURE__*/"

in "../../node_modules/@privy-io/react-auth/dist/esm/SignRequestScreen-cNZ56bAg.mjs" contains an annotation that Rollup cannot interpret due to the position of the comment. The comment will be removed to avoid issues.
../../node_modules/@privy-io/react-auth/dist/esm/SignRequestScreen-cNZ56bAg.mjs (18:15253): A comment

"/*#__PURE__*/"

in "../../node_modules/@privy-io/react-auth/dist/esm/SignRequestScreen-cNZ56bAg.mjs" contains an annotation that Rollup cannot interpret due to the position of the comment. The comment will be removed to avoid issues.
../../node_modules/@privy-io/react-auth/dist/esm/SignRequestScreen-cNZ56bAg.mjs (18:18821): A comment

"/*#__PURE__*/"

in "../../node_modules/@privy-io/react-auth/dist/esm/SignRequestScreen-cNZ56bAg.mjs" contains an annotation that Rollup cannot interpret due to the position of the comment. The comment will be removed to avoid issues.
../../node_modules/@privy-io/react-auth/dist/esm/SignRequestScreen-cNZ56bAg.mjs (18:19252): A comment

"/*#__PURE__*/"

in "../../node_modules/@privy-io/react-auth/dist/esm/SignRequestScreen-cNZ56bAg.mjs" contains an annotation that Rollup cannot interpret due to the position of the comment. The comment will be removed to avoid issues.
../../node_modules/@privy-io/react-auth/dist/esm/SignRequestScreen-cNZ56bAg.mjs (18:23008): A comment

"/*#__PURE__*/"

in "../../node_modules/@privy-io/react-auth/dist/esm/SignRequestScreen-cNZ56bAg.mjs" contains an annotation that Rollup cannot interpret due to the position of the comment. The comment will be removed to avoid issues.
../../node_modules/@privy-io/react-auth/dist/esm/SignRequestScreen-cNZ56bAg.mjs (19:692): A comment

"/*#__PURE__*/"

in "../../node_modules/@privy-io/react-auth/dist/esm/SignRequestScreen-cNZ56bAg.mjs" contains an annotation that Rollup cannot interpret due to the position of the comment. The comment will be removed to avoid issues.
../../node_modules/@privy-io/react-auth/dist/esm/SignRequestScreen-cNZ56bAg.mjs (19:831): A comment

"/*#__PURE__*/"

in "../../node_modules/@privy-io/react-auth/dist/esm/SignRequestScreen-cNZ56bAg.mjs" contains an annotation that Rollup cannot interpret due to the position of the comment. The comment will be removed to avoid issues.
../../node_modules/@privy-io/react-auth/dist/esm/SignRequestScreen-cNZ56bAg.mjs (19:1390): A comment

"/*#__PURE__*/"

in "../../node_modules/@privy-io/react-auth/dist/esm/SignRequestScreen-cNZ56bAg.mjs" contains an annotation that Rollup cannot interpret due to the position of the comment. The comment will be removed to avoid issues.
../../node_modules/@privy-io/react-auth/dist/esm/SignRequestScreen-cNZ56bAg.mjs (19:2340): A comment

"/*#__PURE__*/"

in "../../node_modules/@privy-io/react-auth/dist/esm/SignRequestScreen-cNZ56bAg.mjs" contains an annotation that Rollup cannot interpret due to the position of the comment. The comment will be removed to avoid issues.
../../node_modules/@privy-io/react-auth/dist/esm/SignRequestScreen-cNZ56bAg.mjs (19:27034): A comment

"/*#__PURE__*/"

in "../../node_modules/@privy-io/react-auth/dist/esm/SignRequestScreen-cNZ56bAg.mjs" contains an annotation that Rollup cannot interpret due to the position of the comment. The comment will be removed to avoid issues.
../../node_modules/@privy-io/react-auth/dist/esm/SignRequestScreen-cNZ56bAg.mjs (19:27887): A comment

"/*#__PURE__*/"

in "../../node_modules/@privy-io/react-auth/dist/esm/SignRequestScreen-cNZ56bAg.mjs" contains an annotation that Rollup cannot interpret due to the position of the comment. The comment will be removed to avoid issues.
../../node_modules/@privy-io/react-auth/dist/esm/SignRequestScreen-cNZ56bAg.mjs (19:28444): A comment

"/*#__PURE__*/"

in "../../node_modules/@privy-io/react-auth/dist/esm/SignRequestScreen-cNZ56bAg.mjs" contains an annotation that Rollup cannot interpret due to the position of the comment. The comment will be removed to avoid issues.
../../node_modules/@privy-io/react-auth/dist/esm/SignRequestScreen-cNZ56bAg.mjs (19:29738): A comment

"/*#__PURE__*/"

in "../../node_modules/@privy-io/react-auth/dist/esm/SignRequestScreen-cNZ56bAg.mjs" contains an annotation that Rollup cannot interpret due to the position of the comment. The comment will be removed to avoid issues.
../../node_modules/@privy-io/react-auth/dist/esm/SignRequestScreen-cNZ56bAg.mjs (19:31445): A comment

"/*#__PURE__*/"

in "../../node_modules/@privy-io/react-auth/dist/esm/SignRequestScreen-cNZ56bAg.mjs" contains an annotation that Rollup cannot interpret due to the position of the comment. The comment will be removed to avoid issues.
../../node_modules/@privy-io/react-auth/dist/esm/SignRequestScreen-cNZ56bAg.mjs (19:32849): A comment

"/*#__PURE__*/"

in "../../node_modules/@privy-io/react-auth/dist/esm/SignRequestScreen-cNZ56bAg.mjs" contains an annotation that Rollup cannot interpret due to the position of the comment. The comment will be removed to avoid issues.
../../node_modules/@privy-io/react-auth/dist/esm/SignRequestScreen-cNZ56bAg.mjs (19:33793): A comment

"/*#__PURE__*/"

in "../../node_modules/@privy-io/react-auth/dist/esm/SignRequestScreen-cNZ56bAg.mjs" contains an annotation that Rollup cannot interpret due to the position of the comment. The comment will be removed to avoid issues.
../../node_modules/@privy-io/react-auth/dist/esm/SignRequestScreen-cNZ56bAg.mjs (19:39687): A comment

"/*#__PURE__*/"

in "../../node_modules/@privy-io/react-auth/dist/esm/SignRequestScreen-cNZ56bAg.mjs" contains an annotation that Rollup cannot interpret due to the position of the comment. The comment will be removed to avoid issues.
../../node_modules/@privy-io/react-auth/dist/esm/SignRequestScreen-cNZ56bAg.mjs (19:40728): A comment

"/*#__PURE__*/"

in "../../node_modules/@privy-io/react-auth/dist/esm/SignRequestScreen-cNZ56bAg.mjs" contains an annotation that Rollup cannot interpret due to the position of the comment. The comment will be removed to avoid issues.
../../node_modules/@privy-io/react-auth/dist/esm/SignRequestScreen-cNZ56bAg.mjs (19:49147): A comment

"/*#__PURE__*/"

in "../../node_modules/@privy-io/react-auth/dist/esm/SignRequestScreen-cNZ56bAg.mjs" contains an annotation that Rollup cannot interpret due to the position of the comment. The comment will be removed to avoid issues.
../../node_modules/@privy-io/react-auth/dist/esm/SignRequestScreen-cNZ56bAg.mjs (19:50914): A comment

"/*#__PURE__*/"

in "../../node_modules/@privy-io/react-auth/dist/esm/SignRequestScreen-cNZ56bAg.mjs" contains an annotation that Rollup cannot interpret due to the position of the comment. The comment will be removed to avoid issues.
../../node_modules/@privy-io/react-auth/dist/esm/SignRequestScreen-cNZ56bAg.mjs (19:53607): A comment

"/*#__PURE__*/"

in "../../node_modules/@privy-io/react-auth/dist/esm/SignRequestScreen-cNZ56bAg.mjs" contains an annotation that Rollup cannot interpret due to the position of the comment. The comment will be removed to avoid issues.
../../node_modules/@privy-io/react-auth/dist/esm/SignRequestScreen-cNZ56bAg.mjs (19:53992): A comment

"/*#__PURE__*/"

in "../../node_modules/@privy-io/react-auth/dist/esm/SignRequestScreen-cNZ56bAg.mjs" contains an annotation that Rollup cannot interpret due to the position of the comment. The comment will be removed to avoid issues.
../../node_modules/@privy-io/react-auth/dist/esm/SignRequestScreen-cNZ56bAg.mjs (19:55024): A comment

"/*#__PURE__*/"

in "../../node_modules/@privy-io/react-auth/dist/esm/SignRequestScreen-cNZ56bAg.mjs" contains an annotation that Rollup cannot interpret due to the position of the comment. The comment will be removed to avoid issues.
../../node_modules/@privy-io/react-auth/dist/esm/SignRequestScreen-cNZ56bAg.mjs (19:61295): A comment

"/*#__PURE__*/"

in "../../node_modules/@privy-io/react-auth/dist/esm/SignRequestScreen-cNZ56bAg.mjs" contains an annotation that Rollup cannot interpret due to the position of the comment. The comment will be removed to avoid issues.
../../node_modules/@privy-io/react-auth/dist/esm/SignRequestScreen-cNZ56bAg.mjs (20:878): A comment

"/*#__PURE__*/"

in "../../node_modules/@privy-io/react-auth/dist/esm/SignRequestScreen-cNZ56bAg.mjs" contains an annotation that Rollup cannot interpret due to the position of the comment. The comment will be removed to avoid issues.
../../node_modules/@privy-io/react-auth/dist/esm/SignRequestScreen-cNZ56bAg.mjs (20:11597): A comment

"/*#__PURE__*/"

in "../../node_modules/@privy-io/react-auth/dist/esm/SignRequestScreen-cNZ56bAg.mjs" contains an annotation that Rollup cannot interpret due to the position of the comment. The comment will be removed to avoid issues.
../../node_modules/@privy-io/react-auth/dist/esm/SignRequestScreen-cNZ56bAg.mjs (20:25360): A comment

"/*#__PURE__*/"

in "../../node_modules/@privy-io/react-auth/dist/esm/SignRequestScreen-cNZ56bAg.mjs" contains an annotation that Rollup cannot interpret due to the position of the comment. The comment will be removed to avoid issues.
../../node_modules/@privy-io/react-auth/dist/esm/SignRequestScreen-cNZ56bAg.mjs (20:28167): A comment

"/*#__PURE__*/"

in "../../node_modules/@privy-io/react-auth/dist/esm/SignRequestScreen-cNZ56bAg.mjs" contains an annotation that Rollup cannot interpret due to the position of the comment. The comment will be removed to avoid issues.
../../node_modules/@privy-io/react-auth/dist/esm/SignRequestScreen-cNZ56bAg.mjs (20:28434): A comment

"/*#__PURE__*/"

in "../../node_modules/@privy-io/react-auth/dist/esm/SignRequestScreen-cNZ56bAg.mjs" contains an annotation that Rollup cannot interpret due to the position of the comment. The comment will be removed to avoid issues.
../../node_modules/@privy-io/react-auth/dist/esm/SignRequestScreen-cNZ56bAg.mjs (20:31845): A comment

"/*#__PURE__*/"

in "../../node_modules/@privy-io/react-auth/dist/esm/SignRequestScreen-cNZ56bAg.mjs" contains an annotation that Rollup cannot interpret due to the position of the comment. The comment will be removed to avoid issues.
../../node_modules/@privy-io/react-auth/dist/esm/SignRequestScreen-cNZ56bAg.mjs (20:32128): A comment

"/*#__PURE__*/"

in "../../node_modules/@privy-io/react-auth/dist/esm/SignRequestScreen-cNZ56bAg.mjs" contains an annotation that Rollup cannot interpret due to the position of the comment. The comment will be removed to avoid issues.
../../node_modules/@privy-io/react-auth/dist/esm/SignRequestScreen-cNZ56bAg.mjs (20:34134): A comment

"/*#__PURE__*/"

in "../../node_modules/@privy-io/react-auth/dist/esm/SignRequestScreen-cNZ56bAg.mjs" contains an annotation that Rollup cannot interpret due to the position of the comment. The comment will be removed to avoid issues.
../../node_modules/@privy-io/react-auth/dist/esm/SignRequestScreen-cNZ56bAg.mjs (20:38393): A comment

"/*#__PURE__*/"

in "../../node_modules/@privy-io/react-auth/dist/esm/SignRequestScreen-cNZ56bAg.mjs" contains an annotation that Rollup cannot interpret due to the position of the comment. The comment will be removed to avoid issues.
../../node_modules/@privy-io/react-auth/dist/esm/SignRequestScreen-cNZ56bAg.mjs (20:42383): A comment

"/*#__PURE__*/"

in "../../node_modules/@privy-io/react-auth/dist/esm/SignRequestScreen-cNZ56bAg.mjs" contains an annotation that Rollup cannot interpret due to the position of the comment. The comment will be removed to avoid issues.
../../node_modules/@privy-io/react-auth/dist/esm/SignRequestScreen-cNZ56bAg.mjs (21:0): A comment

"/*#__PURE__*/"

in "../../node_modules/@privy-io/react-auth/dist/esm/SignRequestScreen-cNZ56bAg.mjs" contains an annotation that Rollup cannot interpret due to the position of the comment. The comment will be removed to avoid issues.
../../node_modules/@privy-io/react-auth/dist/esm/SignRequestScreen-cNZ56bAg.mjs (21:132): A comment

"/*#__PURE__*/"

in "../../node_modules/@privy-io/react-auth/dist/esm/SignRequestScreen-cNZ56bAg.mjs" contains an annotation that Rollup cannot interpret due to the position of the comment. The comment will be removed to avoid issues.
../../node_modules/@privy-io/react-auth/dist/esm/SignRequestScreen-cNZ56bAg.mjs (21:204): A comment

"/*#__PURE__*/"

in "../../node_modules/@privy-io/react-auth/dist/esm/SignRequestScreen-cNZ56bAg.mjs" contains an annotation that Rollup cannot interpret due to the position of the comment. The comment will be removed to avoid issues.
../../node_modules/@privy-io/react-auth/dist/esm/SignRequestScreen-cNZ56bAg.mjs (21:1131): A comment

"/*#__PURE__*/"

in "../../node_modules/@privy-io/react-auth/dist/esm/SignRequestScreen-cNZ56bAg.mjs" contains an annotation that Rollup cannot interpret due to the position of the comment. The comment will be removed to avoid issues.
../../node_modules/@privy-io/react-auth/dist/esm/SignRequestScreen-cNZ56bAg.mjs (21:2020): A comment

"/*#__PURE__*/"

in "../../node_modules/@privy-io/react-auth/dist/esm/SignRequestScreen-cNZ56bAg.mjs" contains an annotation that Rollup cannot interpret due to the position of the comment. The comment will be removed to avoid issues.
../../node_modules/@privy-io/react-auth/dist/esm/SignRequestScreen-cNZ56bAg.mjs (21:4570): A comment

"/*#__PURE__*/"

in "../../node_modules/@privy-io/react-auth/dist/esm/SignRequestScreen-cNZ56bAg.mjs" contains an annotation that Rollup cannot interpret due to the position of the comment. The comment will be removed to avoid issues.
../../node_modules/@privy-io/react-auth/dist/esm/SignRequestScreen-cNZ56bAg.mjs (21:21549): A comment

"/*#__PURE__*/"

in "../../node_modules/@privy-io/react-auth/dist/esm/SignRequestScreen-cNZ56bAg.mjs" contains an annotation that Rollup cannot interpret due to the position of the comment. The comment will be removed to avoid issues.
../../node_modules/@privy-io/react-auth/dist/esm/SignRequestScreen-cNZ56bAg.mjs (21:21594): A comment

"/*#__PURE__*/"

in "../../node_modules/@privy-io/react-auth/dist/esm/SignRequestScreen-cNZ56bAg.mjs" contains an annotation that Rollup cannot interpret due to the position of the comment. The comment will be removed to avoid issues.
../../node_modules/@privy-io/react-auth/dist/esm/SignRequestScreen-cNZ56bAg.mjs (21:26234): A comment

"/*#__PURE__*/"

in "../../node_modules/@privy-io/react-auth/dist/esm/SignRequestScreen-cNZ56bAg.mjs" contains an annotation that Rollup cannot interpret due to the position of the comment. The comment will be removed to avoid issues.
../../node_modules/@privy-io/react-auth/dist/esm/SignRequestScreen-cNZ56bAg.mjs (21:28075): A comment

"/*#__PURE__*/"

in "../../node_modules/@privy-io/react-auth/dist/esm/SignRequestScreen-cNZ56bAg.mjs" contains an annotation that Rollup cannot interpret due to the position of the comment. The comment will be removed to avoid issues.
../../node_modules/@privy-io/react-auth/dist/esm/SignRequestScreen-cNZ56bAg.mjs (21:33696): A comment

"/*#__PURE__*/"

in "../../node_modules/@privy-io/react-auth/dist/esm/SignRequestScreen-cNZ56bAg.mjs" contains an annotation that Rollup cannot interpret due to the position of the comment. The comment will be removed to avoid issues.
../../node_modules/@privy-io/react-auth/dist/esm/SignRequestScreen-cNZ56bAg.mjs (22:6157): A comment

"/*#__PURE__*/"

in "../../node_modules/@privy-io/react-auth/dist/esm/SignRequestScreen-cNZ56bAg.mjs" contains an annotation that Rollup cannot interpret due to the position of the comment. The comment will be removed to avoid issues.
../../node_modules/@privy-io/react-auth/dist/esm/SignRequestScreen-cNZ56bAg.mjs (24:517): A comment

"/*#__PURE__*/"

in "../../node_modules/@privy-io/react-auth/dist/esm/SignRequestScreen-cNZ56bAg.mjs" contains an annotation that Rollup cannot interpret due to the position of the comment. The comment will be removed to avoid issues.
../../node_modules/@privy-io/react-auth/dist/esm/SignRequestScreen-cNZ56bAg.mjs (24:6429): A comment

"/*#__PURE__*/"

in "../../node_modules/@privy-io/react-auth/dist/esm/SignRequestScreen-cNZ56bAg.mjs" contains an annotation that Rollup cannot interpret due to the position of the comment. The comment will be removed to avoid issues.
../../node_modules/@privy-io/react-auth/dist/esm/SignRequestScreen-cNZ56bAg.mjs (24:6758): A comment

"/*#__PURE__*/"

in "../../node_modules/@privy-io/react-auth/dist/esm/SignRequestScreen-cNZ56bAg.mjs" contains an annotation that Rollup cannot interpret due to the position of the comment. The comment will be removed to avoid issues.
../../node_modules/@privy-io/react-auth/dist/esm/SignRequestScreen-cNZ56bAg.mjs (24:7316): A comment

"/*#__PURE__*/"

in "../../node_modules/@privy-io/react-auth/dist/esm/SignRequestScreen-cNZ56bAg.mjs" contains an annotation that Rollup cannot interpret due to the position of the comment. The comment will be removed to avoid issues.
../../node_modules/@privy-io/react-auth/dist/esm/SignRequestScreen-cNZ56bAg.mjs (24:12508): A comment

"/*#__PURE__*/"

in "../../node_modules/@privy-io/react-auth/dist/esm/SignRequestScreen-cNZ56bAg.mjs" contains an annotation that Rollup cannot interpret due to the position of the comment. The comment will be removed to avoid issues.
../../node_modules/@privy-io/react-auth/dist/esm/SignRequestScreen-cNZ56bAg.mjs (24:13344): A comment

"/*#__PURE__*/"

in "../../node_modules/@privy-io/react-auth/dist/esm/SignRequestScreen-cNZ56bAg.mjs" contains an annotation that Rollup cannot interpret due to the position of the comment. The comment will be removed to avoid issues.
../../node_modules/@privy-io/react-auth/dist/esm/SignRequestScreen-cNZ56bAg.mjs (24:13668): A comment

"/*#__PURE__*/"

in "../../node_modules/@privy-io/react-auth/dist/esm/SignRequestScreen-cNZ56bAg.mjs" contains an annotation that Rollup cannot interpret due to the position of the comment. The comment will be removed to avoid issues.
../../node_modules/@privy-io/react-auth/dist/esm/SignRequestScreen-cNZ56bAg.mjs (24:14467): A comment

"/*#__PURE__*/"

in "../../node_modules/@privy-io/react-auth/dist/esm/SignRequestScreen-cNZ56bAg.mjs" contains an annotation that Rollup cannot interpret due to the position of the comment. The comment will be removed to avoid issues.
../../node_modules/@privy-io/react-auth/dist/esm/SignRequestScreen-cNZ56bAg.mjs (24:18554): A comment

"/*#__PURE__*/"

in "../../node_modules/@privy-io/react-auth/dist/esm/SignRequestScreen-cNZ56bAg.mjs" contains an annotation that Rollup cannot interpret due to the position of the comment. The comment will be removed to avoid issues.
../../node_modules/@privy-io/react-auth/dist/esm/SignRequestScreen-cNZ56bAg.mjs (24:20259): A comment

"/*#__PURE__*/"

in "../../node_modules/@privy-io/react-auth/dist/esm/SignRequestScreen-cNZ56bAg.mjs" contains an annotation that Rollup cannot interpret due to the position of the comment. The comment will be removed to avoid issues.
../../node_modules/@privy-io/react-auth/dist/esm/SignRequestScreen-cNZ56bAg.mjs (24:22540): A comment

"/*#__PURE__*/"

in "../../node_modules/@privy-io/react-auth/dist/esm/SignRequestScreen-cNZ56bAg.mjs" contains an annotation that Rollup cannot interpret due to the position of the comment. The comment will be removed to avoid issues.
../../node_modules/@privy-io/react-auth/dist/esm/SignRequestScreen-cNZ56bAg.mjs (24:30688): A comment

"/*#__PURE__*/"

in "../../node_modules/@privy-io/react-auth/dist/esm/SignRequestScreen-cNZ56bAg.mjs" contains an annotation that Rollup cannot interpret due to the position of the comment. The comment will be removed to avoid issues.
../../node_modules/@privy-io/react-auth/dist/esm/SignRequestScreen-cNZ56bAg.mjs (24:34174): A comment

"/*#__PURE__*/"

in "../../node_modules/@privy-io/react-auth/dist/esm/SignRequestScreen-cNZ56bAg.mjs" contains an annotation that Rollup cannot interpret due to the position of the comment. The comment will be removed to avoid issues.
../../node_modules/@privy-io/react-auth/dist/esm/SignRequestScreen-cNZ56bAg.mjs (24:39664): A comment

"/*#__PURE__*/"

in "../../node_modules/@privy-io/react-auth/dist/esm/SignRequestScreen-cNZ56bAg.mjs" contains an annotation that Rollup cannot interpret due to the position of the comment. The comment will be removed to avoid issues.
../../node_modules/@privy-io/react-auth/dist/esm/SignRequestScreen-cNZ56bAg.mjs (24:41389): A comment

"/*#__PURE__*/"

in "../../node_modules/@privy-io/react-auth/dist/esm/SignRequestScreen-cNZ56bAg.mjs" contains an annotation that Rollup cannot interpret due to the position of the comment. The comment will be removed to avoid issues.
../../node_modules/@privy-io/react-auth/dist/esm/SignRequestScreen-cNZ56bAg.mjs (24:41978): A comment

"/*#__PURE__*/"

in "../../node_modules/@privy-io/react-auth/dist/esm/SignRequestScreen-cNZ56bAg.mjs" contains an annotation that Rollup cannot interpret due to the position of the comment. The comment will be removed to avoid issues.
../../node_modules/@privy-io/react-auth/dist/esm/SignRequestScreen-cNZ56bAg.mjs (24:42616): A comment

"/*#__PURE__*/"

in "../../node_modules/@privy-io/react-auth/dist/esm/SignRequestScreen-cNZ56bAg.mjs" contains an annotation that Rollup cannot interpret due to the position of the comment. The comment will be removed to avoid issues.
../../node_modules/@privy-io/react-auth/dist/esm/SignRequestScreen-cNZ56bAg.mjs (24:44813): A comment

"/*#__PURE__*/"

in "../../node_modules/@privy-io/react-auth/dist/esm/SignRequestScreen-cNZ56bAg.mjs" contains an annotation that Rollup cannot interpret due to the position of the comment. The comment will be removed to avoid issues.
../../node_modules/@privy-io/react-auth/dist/esm/SignRequestScreen-cNZ56bAg.mjs (24:45414): A comment

"/*#__PURE__*/"

in "../../node_modules/@privy-io/react-auth/dist/esm/SignRequestScreen-cNZ56bAg.mjs" contains an annotation that Rollup cannot interpret due to the position of the comment. The comment will be removed to avoid issues.
../../node_modules/@privy-io/react-auth/dist/esm/SignRequestScreen-cNZ56bAg.mjs (24:47554): A comment

"/*#__PURE__*/"

in "../../node_modules/@privy-io/react-auth/dist/esm/SignRequestScreen-cNZ56bAg.mjs" contains an annotation that Rollup cannot interpret due to the position of the comment. The comment will be removed to avoid issues.
../../node_modules/@privy-io/react-auth/dist/esm/SignRequestScreen-cNZ56bAg.mjs (24:47714): A comment

"/*#__PURE__*/"

in "../../node_modules/@privy-io/react-auth/dist/esm/SignRequestScreen-cNZ56bAg.mjs" contains an annotation that Rollup cannot interpret due to the position of the comment. The comment will be removed to avoid issues.
../../node_modules/@privy-io/react-auth/dist/esm/SignRequestScreen-cNZ56bAg.mjs (24:47872): A comment

"/*#__PURE__*/"

in "../../node_modules/@privy-io/react-auth/dist/esm/SignRequestScreen-cNZ56bAg.mjs" contains an annotation that Rollup cannot interpret due to the position of the comment. The comment will be removed to avoid issues.
../../node_modules/@privy-io/react-auth/dist/esm/SignRequestScreen-cNZ56bAg.mjs (24:47936): A comment

"/*#__PURE__*/"

in "../../node_modules/@privy-io/react-auth/dist/esm/SignRequestScreen-cNZ56bAg.mjs" contains an annotation that Rollup cannot interpret due to the position of the comment. The comment will be removed to avoid issues.
../../node_modules/@privy-io/react-auth/dist/esm/SignRequestScreen-cNZ56bAg.mjs (24:48004): A comment

"/*#__PURE__*/"

in "../../node_modules/@privy-io/react-auth/dist/esm/SignRequestScreen-cNZ56bAg.mjs" contains an annotation that Rollup cannot interpret due to the position of the comment. The comment will be removed to avoid issues.
../../node_modules/@privy-io/react-auth/dist/esm/SignRequestScreen-cNZ56bAg.mjs (24:48051): A comment

"/*#__PURE__*/"

in "../../node_modules/@privy-io/react-auth/dist/esm/SignRequestScreen-cNZ56bAg.mjs" contains an annotation that Rollup cannot interpret due to the position of the comment. The comment will be removed to avoid issues.
../../node_modules/@privy-io/react-auth/dist/esm/SignRequestScreen-cNZ56bAg.mjs (24:48115): A comment

"/*#__PURE__*/"

in "../../node_modules/@privy-io/react-auth/dist/esm/SignRequestScreen-cNZ56bAg.mjs" contains an annotation that Rollup cannot interpret due to the position of the comment. The comment will be removed to avoid issues.
../../node_modules/@privy-io/react-auth/dist/esm/SignRequestScreen-cNZ56bAg.mjs (24:48181): A comment

"/*#__PURE__*/"

in "../../node_modules/@privy-io/react-auth/dist/esm/SignRequestScreen-cNZ56bAg.mjs" contains an annotation that Rollup cannot interpret due to the position of the comment. The comment will be removed to avoid issues.
../../node_modules/@privy-io/react-auth/dist/esm/SignRequestScreen-cNZ56bAg.mjs (24:48247): A comment

"/*#__PURE__*/"

in "../../node_modules/@privy-io/react-auth/dist/esm/SignRequestScreen-cNZ56bAg.mjs" contains an annotation that Rollup cannot interpret due to the position of the comment. The comment will be removed to avoid issues.
../../node_modules/@privy-io/react-auth/dist/esm/SignRequestScreen-cNZ56bAg.mjs (24:48309): A comment

"/*#__PURE__*/"

in "../../node_modules/@privy-io/react-auth/dist/esm/SignRequestScreen-cNZ56bAg.mjs" contains an annotation that Rollup cannot interpret due to the position of the comment. The comment will be removed to avoid issues.
../../node_modules/@privy-io/react-auth/dist/esm/SignRequestScreen-cNZ56bAg.mjs (24:48371): A comment

"/*#__PURE__*/"

in "../../node_modules/@privy-io/react-auth/dist/esm/SignRequestScreen-cNZ56bAg.mjs" contains an annotation that Rollup cannot interpret due to the position of the comment. The comment will be removed to avoid issues.
../../node_modules/@privy-io/react-auth/dist/esm/SignRequestScreen-cNZ56bAg.mjs (24:48436): A comment

"/*#__PURE__*/"

in "../../node_modules/@privy-io/react-auth/dist/esm/SignRequestScreen-cNZ56bAg.mjs" contains an annotation that Rollup cannot interpret due to the position of the comment. The comment will be removed to avoid issues.
../../node_modules/@privy-io/react-auth/dist/esm/SignRequestScreen-cNZ56bAg.mjs (24:48504): A comment

"/*#__PURE__*/"

in "../../node_modules/@privy-io/react-auth/dist/esm/SignRequestScreen-cNZ56bAg.mjs" contains an annotation that Rollup cannot interpret due to the position of the comment. The comment will be removed to avoid issues.
../../node_modules/@privy-io/react-auth/dist/esm/SignRequestScreen-cNZ56bAg.mjs (24:48572): A comment

"/*#__PURE__*/"

in "../../node_modules/@privy-io/react-auth/dist/esm/SignRequestScreen-cNZ56bAg.mjs" contains an annotation that Rollup cannot interpret due to the position of the comment. The comment will be removed to avoid issues.
../../node_modules/@privy-io/react-auth/dist/esm/SignRequestScreen-cNZ56bAg.mjs (24:48639): A comment

"/*#__PURE__*/"

in "../../node_modules/@privy-io/react-auth/dist/esm/SignRequestScreen-cNZ56bAg.mjs" contains an annotation that Rollup cannot interpret due to the position of the comment. The comment will be removed to avoid issues.
../../node_modules/@privy-io/react-auth/dist/esm/SignRequestScreen-cNZ56bAg.mjs (24:48678): A comment

"/*#__PURE__*/"

in "../../node_modules/@privy-io/react-auth/dist/esm/SignRequestScreen-cNZ56bAg.mjs" contains an annotation that Rollup cannot interpret due to the position of the comment. The comment will be removed to avoid issues.
../../node_modules/@privy-io/react-auth/dist/esm/SignRequestScreen-cNZ56bAg.mjs (24:48815): A comment

"/*#__PURE__*/"

in "../../node_modules/@privy-io/react-auth/dist/esm/SignRequestScreen-cNZ56bAg.mjs" contains an annotation that Rollup cannot interpret due to the position of the comment. The comment will be removed to avoid issues.
../../node_modules/@privy-io/react-auth/dist/esm/SignRequestScreen-cNZ56bAg.mjs (24:50013): A comment

"/*#__PURE__*/"

in "../../node_modules/@privy-io/react-auth/dist/esm/SignRequestScreen-cNZ56bAg.mjs" contains an annotation that Rollup cannot interpret due to the position of the comment. The comment will be removed to avoid issues.
../../node_modules/@privy-io/react-auth/dist/esm/SignRequestScreen-cNZ56bAg.mjs (24:53063): A comment

"/*#__PURE__*/"

in "../../node_modules/@privy-io/react-auth/dist/esm/SignRequestScreen-cNZ56bAg.mjs" contains an annotation that Rollup cannot interpret due to the position of the comment. The comment will be removed to avoid issues.
../../node_modules/@privy-io/react-auth/dist/esm/SignRequestScreen-cNZ56bAg.mjs (24:56046): A comment

"/*#__PURE__*/"

in "../../node_modules/@privy-io/react-auth/dist/esm/SignRequestScreen-cNZ56bAg.mjs" contains an annotation that Rollup cannot interpret due to the position of the comment. The comment will be removed to avoid issues.
../../node_modules/@privy-io/react-auth/dist/esm/SignRequestScreen-cNZ56bAg.mjs (24:60705): A comment

"/*#__PURE__*/"

in "../../node_modules/@privy-io/react-auth/dist/esm/SignRequestScreen-cNZ56bAg.mjs" contains an annotation that Rollup cannot interpret due to the position of the comment. The comment will be removed to avoid issues.
../../node_modules/@privy-io/react-auth/dist/esm/SignRequestScreen-cNZ56bAg.mjs (24:61743): A comment

"/*#__PURE__*/"

in "../../node_modules/@privy-io/react-auth/dist/esm/SignRequestScreen-cNZ56bAg.mjs" contains an annotation that Rollup cannot interpret due to the position of the comment. The comment will be removed to avoid issues.
../../node_modules/@privy-io/react-auth/dist/esm/SignRequestScreen-cNZ56bAg.mjs (24:64702): A comment

"/*#__PURE__*/"

in "../../node_modules/@privy-io/react-auth/dist/esm/SignRequestScreen-cNZ56bAg.mjs" contains an annotation that Rollup cannot interpret due to the position of the comment. The comment will be removed to avoid issues.
../../node_modules/@privy-io/react-auth/dist/esm/SignRequestScreen-cNZ56bAg.mjs (24:66547): A comment

"/*#__PURE__*/"

in "../../node_modules/@privy-io/react-auth/dist/esm/SignRequestScreen-cNZ56bAg.mjs" contains an annotation that Rollup cannot interpret due to the position of the comment. The comment will be removed to avoid issues.
../../node_modules/@privy-io/react-auth/dist/esm/SignRequestScreen-cNZ56bAg.mjs (24:69581): A comment

"/*#__PURE__*/"

in "../../node_modules/@privy-io/react-auth/dist/esm/SignRequestScreen-cNZ56bAg.mjs" contains an annotation that Rollup cannot interpret due to the position of the comment. The comment will be removed to avoid issues.
../../node_modules/@privy-io/react-auth/dist/esm/SignRequestScreen-cNZ56bAg.mjs (24:73070): A comment

"/*#__PURE__*/"

in "../../node_modules/@privy-io/react-auth/dist/esm/SignRequestScreen-cNZ56bAg.mjs" contains an annotation that Rollup cannot interpret due to the position of the comment. The comment will be removed to avoid issues.
../../node_modules/@privy-io/react-auth/dist/esm/SignRequestScreen-cNZ56bAg.mjs (24:74448): A comment

"/*#__PURE__*/"

in "../../node_modules/@privy-io/react-auth/dist/esm/SignRequestScreen-cNZ56bAg.mjs" contains an annotation that Rollup cannot interpret due to the position of the comment. The comment will be removed to avoid issues.
../../node_modules/@privy-io/react-auth/dist/esm/SignRequestScreen-cNZ56bAg.mjs (24:78741): A comment

"/*#__PURE__*/"

in "../../node_modules/@privy-io/react-auth/dist/esm/SignRequestScreen-cNZ56bAg.mjs" contains an annotation that Rollup cannot interpret due to the position of the comment. The comment will be removed to avoid issues.
../../node_modules/@privy-io/react-auth/dist/esm/SignRequestScreen-cNZ56bAg.mjs (25:4876): A comment

"/*#__PURE__*/"

in "../../node_modules/@privy-io/react-auth/dist/esm/SignRequestScreen-cNZ56bAg.mjs" contains an annotation that Rollup cannot interpret due to the position of the comment. The comment will be removed to avoid issues.
../../node_modules/@privy-io/react-auth/dist/esm/SignRequestScreen-cNZ56bAg.mjs (25:6429): A comment

"/*#__PURE__*/"

in "../../node_modules/@privy-io/react-auth/dist/esm/SignRequestScreen-cNZ56bAg.mjs" contains an annotation that Rollup cannot interpret due to the position of the comment. The comment will be removed to avoid issues.
../../node_modules/@privy-io/react-auth/dist/esm/SignRequestScreen-cNZ56bAg.mjs (25:8233): A comment

"/*#__PURE__*/"

in "../../node_modules/@privy-io/react-auth/dist/esm/SignRequestScreen-cNZ56bAg.mjs" contains an annotation that Rollup cannot interpret due to the position of the comment. The comment will be removed to avoid issues.
../../node_modules/ox/_esm/core/Address.js (6:21): A comment

"/*#__PURE__*/"

in "../../node_modules/ox/_esm/core/Address.js" contains an annotation that Rollup cannot interpret due to the position of the comment. The comment will be removed to avoid issues.
../../node_modules/ox/_esm/core/Base64.js (6:27): A comment

"/*#__PURE__*/"

in "../../node_modules/ox/_esm/core/Base64.js" contains an annotation that Rollup cannot interpret due to the position of the comment. The comment will be removed to avoid issues.
../../node_modules/ox/_esm/core/internal/cursor.js (2:21): A comment

"/*#__PURE__*/"

in "../../node_modules/ox/_esm/core/internal/cursor.js" contains an annotation that Rollup cannot interpret due to the position of the comment. The comment will be removed to avoid issues.
../../node_modules/@walletconnect/utils/node_modules/ox/_esm/core/internal/cursor.js (2:21): A comment

"/*#__PURE__*/"

in "../../node_modules/@walletconnect/utils/node_modules/ox/_esm/core/internal/cursor.js" contains an annotation that Rollup cannot interpret due to the position of the comment. The comment will be removed to avoid issues.
../../node_modules/@walletconnect/utils/node_modules/ox/_esm/core/Address.js (6:21): A comment

"/*#__PURE__*/"

in "../../node_modules/@walletconnect/utils/node_modules/ox/_esm/core/Address.js" contains an annotation that Rollup cannot interpret due to the position of the comment. The comment will be removed to avoid issues.
../../node_modules/viem/node_modules/ox/_esm/core/Base64.js (6:27): A comment

"/*#__PURE__*/"

in "../../node_modules/viem/node_modules/ox/_esm/core/Base64.js" contains an annotation that Rollup cannot interpret due to the position of the comment. The comment will be removed to avoid issues.
../../node_modules/@reown/appkit-controllers/node_modules/ox/_esm/core/internal/cursor.js (2:21): A comment

"/*#__PURE__*/"

in "../../node_modules/@reown/appkit-controllers/node_modules/ox/_esm/core/internal/cursor.js" contains an annotation that Rollup cannot interpret due to the position of the comment. The comment will be removed to avoid issues.
../../node_modules/@reown/appkit/node_modules/ox/_esm/core/internal/cursor.js (2:21): A comment

"/*#__PURE__*/"

in "../../node_modules/@reown/appkit/node_modules/ox/_esm/core/internal/cursor.js" contains an annotation that Rollup cannot interpret due to the position of the comment. The comment will be removed to avoid issues.
../../node_modules/@reown/appkit-controllers/node_modules/ox/_esm/core/Address.js (6:21): A comment

"/*#__PURE__*/"

in "../../node_modules/@reown/appkit-controllers/node_modules/ox/_esm/core/Address.js" contains an annotation that Rollup cannot interpret due to the position of the comment. The comment will be removed to avoid issues.
../../node_modules/@reown/appkit/node_modules/ox/_esm/core/Address.js (6:21): A comment

"/*#__PURE__*/"

in "../../node_modules/@reown/appkit/node_modules/ox/_esm/core/Address.js" contains an annotation that Rollup cannot interpret due to the position of the comment. The comment will be removed to avoid issues.
 8240 modules transformed.
rendering chunks...
computing gzip size...
dist/index.html                                           3.32 kB  gzip:   1.16 kB
dist/assets/1761614392004_1761638995733-Ddgn1Xs0.jpg    596.15 kB
dist/assets/1761614576584_1761638995664-DVFwembX.jpg    776.48 kB
dist/assets/index-kkCQDTxA.css                           76.52 kB  gzip:  12.63 kB
dist/assets/cursor-ByiS3qPA.js                            0.23 kB  gzip:   0.21 kB
dist/assets/chevron-left-CrPUPJOR.js                      0.37 kB  gzip:   0.27 kB
dist/assets/chevron-top-BXXhxdVe.js                       0.37 kB  gzip:   0.26 kB
dist/assets/external-link-i1Xeg45T.js                     0.37 kB  gzip:   0.27 kB
dist/assets/chevron-bottom-C3cuRM7v.js                    0.37 kB  gzip:   0.27 kB
dist/assets/chevron-right-D7UoSz8s.js                     0.37 kB  gzip:   0.26 kB
dist/assets/arrow-top-DjIShaZ9.js                         0.38 kB  gzip:   0.27 kB
dist/assets/arrow-bottom-DgwzUSC1.js                      0.38 kB  gzip:   0.27 kB
dist/assets/arrow-left-CcdJKmAd.js                        0.38 kB  gzip:   0.27 kB
dist/assets/arrow-right-BgPmWgNr.js                       0.39 kB  gzip:   0.28 kB
dist/assets/off-2oClLz8U.js                               0.40 kB  gzip:   0.28 kB
dist/assets/search-1Bd5z0rh.js                            0.41 kB  gzip:   0.28 kB
dist/assets/close-B8GdUqc6.js                             0.41 kB  gzip:   0.28 kB
dist/assets/all-wallets-DX5sUUeh.js                       0.42 kB  gzip:   0.25 kB
dist/assets/filters-f7EyZoWL.js                           0.42 kB  gzip:   0.26 kB
dist/assets/info-circle-bx84Ot5G.js                       0.44 kB  gzip:   0.28 kB
dist/assets/more-BKDaUVub.js                              0.46 kB  gzip:   0.29 kB
dist/assets/refresh-ItAQWJ57.js                           0.46 kB  gzip:   0.31 kB
dist/assets/warning-circle-RLpyNAxC.js                    0.47 kB  gzip:   0.30 kB
dist/assets/coinPlaceholder-Ctc6Io0n.js                   0.47 kB  gzip:   0.34 kB
dist/assets/compass-BUPdHi1H.js                           0.49 kB  gzip:   0.32 kB
dist/assets/swapVertical-CzjDU2FN.js                      0.52 kB  gzip:   0.32 kB
dist/assets/swapHorizontal-BfgGxzdO.js                    0.52 kB  gzip:   0.32 kB
dist/assets/x-BIHc-wck.js                                 0.54 kB  gzip:   0.37 kB
dist/assets/cursor-transparent-DUE5yurO.js                0.55 kB  gzip:   0.35 kB
dist/assets/twitterIcon-DvEAV3QM.js                       0.55 kB  gzip:   0.36 kB
dist/assets/mobile-PVtISwPF.js                            0.56 kB  gzip:   0.31 kB
dist/assets/checkmark-bold-DTpZUxvt.js                    0.62 kB  gzip:   0.42 kB
dist/assets/etherscan--4haFEzO.js                         0.67 kB  gzip:   0.43 kB
dist/assets/checkmark-BowOMd0W.js                         0.67 kB  gzip:   0.46 kB
dist/assets/help-circle-BaAbg-yN.js                       0.68 kB  gzip:   0.41 kB
dist/assets/wallet-2wsXLsr8.js                            0.69 kB  gzip:   0.40 kB
dist/assets/plus-CuOha9Xn.js                              0.73 kB  gzip:   0.40 kB
dist/assets/verify-filled-BCHId086.js                     0.74 kB  gzip:   0.46 kB
dist/assets/add-575hRBIk.js                               0.74 kB  gzip:   0.41 kB
dist/assets/google-BnatY31F.js                            0.78 kB  gzip:   0.44 kB
dist/assets/three-dots-BhPVhBaC.js                        0.81 kB  gzip:   0.40 kB
dist/assets/clock-BoaJNJv8.js                             0.81 kB  gzip:   0.46 kB
dist/assets/disconnect-kMcKKCTU.js                        0.86 kB  gzip:   0.50 kB
dist/assets/twitch-DsnRQcun.js                            0.87 kB  gzip:   0.49 kB
dist/assets/bank-CMEWTxSm.js                              0.91 kB  gzip:   0.50 kB
dist/assets/apple-CSa0zN3f.js                             0.93 kB  gzip:   0.51 kB
dist/assets/play-store-BDDNbSQa.js                        0.98 kB  gzip:   0.51 kB
dist/assets/farcaster-4AtTp0S5.js                         0.99 kB  gzip:   0.52 kB
dist/assets/arrow-bottom-circle-CedNjEod.js               1.10 kB  gzip:   0.51 kB
dist/assets/github-CkJ-KCBI.js                            1.10 kB  gzip:   0.58 kB
dist/assets/swapHorizontalBold-B0pVwD-P.js                1.13 kB  gzip:   0.61 kB
dist/assets/app-store-C_6TnW0t.js                         1.17 kB  gzip:   0.66 kB
dist/assets/mail-8JN8YCC5.js                              1.18 kB  gzip:   0.64 kB
dist/assets/facebook-DwqgUM7M.js                          1.20 kB  gzip:   0.63 kB
dist/assets/wallet-placeholder-DRkz93Xh.js                1.23 kB  gzip:   0.58 kB
dist/assets/desktop-BdUsjt4i.js                           1.24 kB  gzip:   0.63 kB

dist/assets/discord-C5HQ9X6o.js                           1.27 kB  gzip:   0.64 kB
dist/assets/swapHorizontalMedium-CPwdmmyq.js              1.27 kB  gzip:   0.66 kB
(!) Some chunks are larger than 1000 kB after minification. Consider:
dist/assets/recycle-horizontal-BJ_wVxwf.js                1.31 kB  gzip:   0.69 kB
dist/assets/extension-C8x5L346.js                         1.40 kB  gzip:   0.69 kB
dist/assets/telegram-CgOYkOYw.js                          1.42 kB  gzip:   0.82 kB
dist/assets/swapHorizontalRoundedBold-0OtI_SnZ.js         1.43 kB  gzip:   0.76 kB
dist/assets/verify-BDL4dE4H.js                            1.44 kB  gzip:   0.70 kB
- Using dynamic import() to code-split the application
- Use build.rollupOptions.output.manualChunks to improve chunking: https://rollupjs.org/configuration-options/#output-manualchunks
dist/assets/qr-code-CIVk5Gq6.js                           1.49 kB  gzip:   0.51 kB
- Adjust chunk size limit for this warning via build.chunkSizeWarningLimit.
dist/assets/browser-CLaEI3IK.js                           1.55 kB  gzip:   0.78 kB
dist/assets/network-placeholder-C2zhFAmb.js               1.62 kB  gzip:   0.72 kB
dist/assets/id-B-r_gN8E.js                                1.72 kB  gzip:   0.80 kB
dist/assets/nftPlaceholder-D1TVNSOw.js                    1.72 kB  gzip:   0.86 kB
dist/assets/info-ByMZfTwm.js                              2.23 kB  gzip:   1.15 kB
dist/assets/exclamation-triangle-CK7CPmNs.js              2.39 kB  gzip:   1.14 kB
dist/assets/send-BNn3jia-.js                              2.39 kB  gzip:   1.29 kB
dist/assets/card-BLI1qHUZ.js                              2.56 kB  gzip:   1.16 kB
dist/assets/chrome-store-BK4IuObX.js                      2.56 kB  gzip:   1.01 kB
dist/assets/reown-logo-CXc32I8G.js                        2.57 kB  gzip:   1.07 kB
dist/assets/ccip-B5VuX9Ha.js                              2.68 kB  gzip:   1.27 kB
dist/assets/lightbulb-Cxbi_4gY.js                         2.68 kB  gzip:   1.21 kB
dist/assets/image-_EC8XGVx.js                             3.46 kB  gzip:   1.52 kB
dist/assets/copy-D0tWqItH.js                              3.79 kB  gzip:   1.46 kB
dist/assets/walletconnect-B0Md3LvB.js                     4.03 kB  gzip:   1.66 kB
dist/assets/index-VZUuMKX8.js                             9.17 kB  gzip:   3.02 kB
dist/assets/secp256k1-D-iOtMyp.js                        31.42 kB  gzip:  12.38 kB
dist/assets/secp256k1-COJI_BMw.js                        31.90 kB  gzip:  12.54 kB
dist/assets/index-CWy0UmW7.js                            38.33 kB  gzip:   9.34 kB
dist/assets/w3m-modal-LOPLYWDj.js                        40.03 kB  gzip:   9.36 kB
dist/assets/basic-PREGoOQK.js                           143.11 kB  gzip:  32.87 kB
dist/assets/index-Db5XEnu2.js                           333.81 kB  gzip: 127.54 kB
dist/assets/core-CYmCxmD9.js                            503.53 kB  gzip: 136.44 kB
dist/assets/index-DMMg2IVP.js                         2,977.03 kB  gzip: 879.19 kB
 built in 1m 4s
